Copyright 1986-2021 Xilinx, Inc. All Rights Reserved.
-------------------------------------------------------------------------------------------------------------------------------------------
| Tool Version     : Vivado v.2021.1 (win64) Build 3247384 Thu Jun 10 19:36:33 MDT 2021
| Date             : Tue Apr 23 17:31:48 2024
| Host             : P1-07 running 64-bit major release  (build 9200)
| Command          : report_power -file Wrapper_power_routed.rpt -pb Wrapper_power_summary_routed.pb -rpx Wrapper_power_routed.rpx
| Design           : Wrapper
| Device           : xc7a100tcsg324-1
| Design State     : routed
| Grade            : commercial
| Process          : typical
| Characterization : Production
-------------------------------------------------------------------------------------------------------------------------------------------

Power Report

Table of Contents
-----------------
1. Summary
1.1 On-Chip Components
1.2 Power Supply Summary
1.3 Confidence Level
2. Settings
2.1 Environment
2.2 Clock Constraints
3. Detailed Reports
3.1 By Hierarchy

1. Summary
----------

+--------------------------+--------------+
| Total On-Chip Power (W)  | 0.479        |
| Design Power Budget (W)  | Unspecified* |
| Power Budget Margin (W)  | NA           |
| Dynamic (W)              | 0.375        |
| Device Static (W)        | 0.104        |
| Effective TJA (C/W)      | 4.6          |
| Max Ambient (C)          | 82.8         |
| Junction Temperature (C) | 27.2         |
| Confidence Level         | Low          |
| Setting File             | ---          |
| Simulation Activity File | ---          |
| Design Nets Matched      | NA           |
+--------------------------+--------------+
* Specify Design Power Budget using, set_operating_conditions -design_power_budget <value in Watts>


1.1 On-Chip Components
----------------------

+-------------------------+-----------+----------+-----------+-----------------+
| On-Chip                 | Power (W) | Used     | Available | Utilization (%) |
+-------------------------+-----------+----------+-----------+-----------------+
| Clocks                  |     0.004 |        3 |       --- |             --- |
| Slice Logic             |     0.164 |    10381 |       --- |             --- |
|   LUT as Logic          |     0.163 |     6541 |     63400 |           10.32 |
|   Register              |    <0.001 |     3009 |    126800 |            2.37 |
|   CARRY4                |    <0.001 |      168 |     15850 |            1.06 |
|   LUT as Shift Register |    <0.001 |        6 |     19000 |            0.03 |
|   BUFG                  |    <0.001 |        2 |        32 |            6.25 |
|   F7/F8 Muxes           |    <0.001 |        8 |     63400 |            0.01 |
|   Others                |     0.000 |      126 |       --- |             --- |
| Signals                 |     0.140 |     9564 |       --- |             --- |
| Block RAM               |     0.036 |    116.5 |       135 |           86.30 |
| DSPs                    |    <0.001 |        1 |       240 |            0.42 |
| I/O                     |     0.031 |       53 |       210 |           25.24 |
| Static Power            |     0.104 |          |           |                 |
| Total                   |     0.479 |          |           |                 |
+-------------------------+-----------+----------+-----------+-----------------+


1.2 Power Supply Summary
------------------------

+-----------+-------------+-----------+-------------+------------+-------------+-------------+------------+
| Source    | Voltage (V) | Total (A) | Dynamic (A) | Static (A) | Powerup (A) | Budget (A)  | Margin (A) |
+-----------+-------------+-----------+-------------+------------+-------------+-------------+------------+
| Vccint    |       1.000 |     0.360 |       0.341 |      0.019 |       NA    | Unspecified | NA         |
| Vccaux    |       1.800 |     0.019 |       0.001 |      0.018 |       NA    | Unspecified | NA         |
| Vcco33    |       3.300 |     0.013 |       0.009 |      0.004 |       NA    | Unspecified | NA         |
| Vcco25    |       2.500 |     0.000 |       0.000 |      0.000 |       NA    | Unspecified | NA         |
| Vcco18    |       1.800 |     0.000 |       0.000 |      0.000 |       NA    | Unspecified | NA         |
| Vcco15    |       1.500 |     0.000 |       0.000 |      0.000 |       NA    | Unspecified | NA         |
| Vcco135   |       1.350 |     0.000 |       0.000 |      0.000 |       NA    | Unspecified | NA         |
| Vcco12    |       1.200 |     0.000 |       0.000 |      0.000 |       NA    | Unspecified | NA         |
| Vccaux_io |       1.800 |     0.000 |       0.000 |      0.000 |       NA    | Unspecified | NA         |
| Vccbram   |       1.000 |     0.006 |       0.003 |      0.003 |       NA    | Unspecified | NA         |
| MGTAVcc   |       1.000 |     0.000 |       0.000 |      0.000 |       NA    | Unspecified | NA         |
| MGTAVtt   |       1.200 |     0.000 |       0.000 |      0.000 |       NA    | Unspecified | NA         |
| Vccadc    |       1.800 |     0.020 |       0.000 |      0.020 |       NA    | Unspecified | NA         |
+-----------+-------------+-----------+-------------+------------+-------------+-------------+------------+


1.3 Confidence Level
--------------------

+-----------------------------+------------+--------------------------------------------------------+--------------------------------------------------------------------------------------------------------------------+
| User Input Data             | Confidence | Details                                                | Action                                                                                                             |
+-----------------------------+------------+--------------------------------------------------------+--------------------------------------------------------------------------------------------------------------------+
| Design implementation state | High       | Design is routed                                       |                                                                                                                    |
| Clock nodes activity        | Low        | User specified less than 75% of clocks                 | Provide missing clock activity with a constraint file, simulation results or by editing the "By Clock Domain" view |
| I/O nodes activity          | Low        | More than 75% of inputs are missing user specification | Provide missing input activity with simulation results or by editing the "By Resource Type -> I/Os" view           |
| Internal nodes activity     | Medium     | User specified less than 25% of internal nodes         | Provide missing internal nodes activity with simulation results or by editing the "By Resource Type" views         |
| Device models               | High       | Device models are Production                           |                                                                                                                    |
|                             |            |                                                        |                                                                                                                    |
| Overall confidence level    | Low        |                                                        |                                                                                                                    |
+-----------------------------+------------+--------------------------------------------------------+--------------------------------------------------------------------------------------------------------------------+


2. Settings
-----------

2.1 Environment
---------------

+-----------------------+--------------------------+
| Ambient Temp (C)      | 25.0                     |
| ThetaJA (C/W)         | 4.6                      |
| Airflow (LFM)         | 250                      |
| Heat Sink             | medium (Medium Profile)  |
| ThetaSA (C/W)         | 4.6                      |
| Board Selection       | medium (10"x10")         |
| # of Board Layers     | 12to15 (12 to 15 Layers) |
| Board Temperature (C) | 25.0                     |
+-----------------------+--------------------------+


2.2 Clock Constraints
---------------------

+-------------+-----------+-----------------+
| Clock       | Domain    | Constraint (ns) |
+-------------+-----------+-----------------+
| sys_clk_pin | clock_100 |            10.0 |
+-------------+-----------+-----------------+


3. Detailed Reports
-------------------

3.1 By Hierarchy
----------------

+-----------------------------+-----------+
| Name                        | Power (W) |
+-----------------------------+-----------+
| Wrapper                     |     0.375 |
|   CPU                       |     0.286 |
|     A_bypass                |     0.005 |
|       second                |     0.005 |
|     alu_in                  |     0.005 |
|     dx_instruction          |     0.222 |
|       loop1[0].dff1         |     0.091 |
|       loop1[10].dff1        |     0.004 |
|       loop1[16].dff1        |     0.115 |
|       loop1[3].dff1         |     0.005 |
|       loop1[5].dff1         |     0.001 |
|       loop1[9].dff1         |     0.001 |
|     fd_instruction          |     0.007 |
|       loop1[20].dff1        |     0.002 |
|       loop1[26].dff1        |     0.003 |
|     mem_data_in             |     0.003 |
|     mw_d                    |     0.030 |
|       loop1[10].dff1        |     0.002 |
|       loop1[12].dff1        |     0.001 |
|       loop1[14].dff1        |     0.001 |
|       loop1[16].dff1        |     0.002 |
|       loop1[18].dff1        |     0.002 |
|       loop1[20].dff1        |     0.001 |
|       loop1[22].dff1        |     0.001 |
|       loop1[24].dff1        |     0.001 |
|       loop1[26].dff1        |     0.001 |
|       loop1[28].dff1        |     0.001 |
|       loop1[30].dff1        |     0.002 |
|       loop1[6].dff1         |     0.001 |
|       loop1[8].dff1         |     0.002 |
|     mw_instruction          |     0.002 |
|     register_write_data     |     0.004 |
|     xm_o                    |     0.004 |
|   InstMem                   |     0.001 |
|   ProcMem                   |     0.008 |
|   RNG                       |     0.002 |
|   RegisterFile              |     0.011 |
|     all_regs_decoded        |     0.002 |
|     loop1[31].register_iter |     0.002 |
|     readA_decoded           |     0.002 |
|     readB_decoded           |     0.003 |
|   VGA                       |     0.034 |
|     ColorPalette            |     0.001 |
|     Display                 |     0.002 |
|     ImageData               |     0.029 |
|   seg_ctrl                  |     0.002 |
+-----------------------------+-----------+


